[debug] [2018-12-19T21:11:51.774Z] ----------------------------------------------------------------------
[debug] [2018-12-19T21:11:51.776Z] Command:       /usr/local/Cellar/node/10.4.0/bin/node /usr/local/bin/firebase deploy
[debug] [2018-12-19T21:11:51.776Z] CLI Version:   6.1.2
[debug] [2018-12-19T21:11:51.776Z] Platform:      darwin
[debug] [2018-12-19T21:11:51.776Z] Node Version:  v10.4.0
[debug] [2018-12-19T21:11:51.777Z] Time:          Wed Dec 19 2018 13:11:51 GMT-0800 (Pacific Standard Time)
[debug] [2018-12-19T21:11:51.777Z] ----------------------------------------------------------------------
[debug] 
[debug] [2018-12-19T21:11:51.786Z] > command requires scopes: ["email","openid","https://www.googleapis.com/auth/cloudplatformprojects.readonly","https://www.googleapis.com/auth/firebase","https://www.googleapis.com/auth/cloud-platform"]
[debug] [2018-12-19T21:11:51.786Z] > authorizing via signed-in user
[debug] [2018-12-19T21:11:51.787Z] [iam] checking project wheres-the-thing for permissions ["cloudfunctions.functions.create","cloudfunctions.functions.delete","cloudfunctions.functions.get","cloudfunctions.functions.list","cloudfunctions.functions.update","cloudfunctions.operations.get","datastore.indexes.create","datastore.indexes.delete","datastore.indexes.list","datastore.indexes.update","firebase.projects.get","firebasehosting.sites.update","firebaserules.releases.create","firebaserules.releases.update","firebaserules.rulesets.create"]
[debug] [2018-12-19T21:11:51.788Z] >>> HTTP REQUEST POST https://cloudresourcemanager.googleapis.com/v1/projects/wheres-the-thing:testIamPermissions  

[debug] [2018-12-19T21:11:52.132Z] <<< HTTP RESPONSE 200
[debug] [2018-12-19T21:11:52.133Z] >>> HTTP REQUEST GET https://firebase.googleapis.com/v1beta1/projects/wheres-the-thing  
 
[debug] [2018-12-19T21:11:52.364Z] <<< HTTP RESPONSE 200
[info] 
[info] === Deploying to 'wheres-the-thing'...
[info] 
[info] i  deploying storage, firestore, functions, hosting
[info] Running command: npm --prefix "$RESOURCE_DIR" run lint
[info] Running command: npm --prefix "$RESOURCE_DIR" run build
[info] ✔  functions: Finished running predeploy script.
[debug] [2018-12-19T21:11:57.489Z] >>> HTTP REQUEST GET https://appengine.googleapis.com/v1/apps/wheres-the-thing  
 
[debug] [2018-12-19T21:11:58.018Z] <<< HTTP RESPONSE 200
[info] i  storage: checking storage.rules for compilation errors...
[debug] [2018-12-19T21:11:58.019Z] >>> HTTP REQUEST POST https://firebaserules.googleapis.com/v1/projects/wheres-the-thing:test  

[debug] [2018-12-19T21:11:58.460Z] <<< HTTP RESPONSE 200
[info] ✔  storage: rules file storage.rules compiled successfully
[info] i  firestore: checking firestore.rules for compilation errors...
[debug] [2018-12-19T21:11:58.463Z] >>> HTTP REQUEST POST https://firebaserules.googleapis.com/v1/projects/wheres-the-thing:test  

[debug] [2018-12-19T21:11:58.843Z] <<< HTTP RESPONSE 200
[info] ✔  firestore: rules file firestore.rules compiled successfully
[debug] [2018-12-19T21:11:58.845Z] > [functions] package.json contents: {
  "name": "functions",
  "scripts": {
    "lint": "tslint --project tsconfig.json",
    "build": "tsc",
    "serve": "npm run build && firebase serve --only functions",
    "shell": "npm run build && firebase functions:shell",
    "start": "npm run shell",
    "deploy": "firebase deploy --only functions",
    "logs": "firebase functions:log"
  },
  "main": "lib/index.js",
  "dependencies": {
    "cities": "^2.0.0",
    "firebase-admin": "~6.0.0",
    "firebase-functions": "^2.1.0"
  },
  "devDependencies": {
    "tslint": "~5.8.0",
    "typescript": "~2.8.3"
  },
  "private": true
}
[info] i  functions: ensuring necessary APIs are enabled...
[debug] [2018-12-19T21:11:58.846Z] >>> HTTP REQUEST GET https://servicemanagement.googleapis.com/v1/services/cloudfunctions.googleapis.com/projectSettings/wheres-the-thing?view=CONSUMER_VIEW  
 
[debug] [2018-12-19T21:11:58.846Z] >>> HTTP REQUEST GET https://servicemanagement.googleapis.com/v1/services/runtimeconfig.googleapis.com/projectSettings/wheres-the-thing?view=CONSUMER_VIEW  
 
[debug] [2018-12-19T21:11:59.611Z] <<< HTTP RESPONSE 200
[debug] [2018-12-19T21:11:59.665Z] <<< HTTP RESPONSE 200
[info] ✔  functions: all necessary APIs are enabled
[debug] [2018-12-19T21:11:59.666Z] >>> HTTP REQUEST GET https://cloudresourcemanager.googleapis.com/v1/projects/wheres-the-thing  
 
[debug] [2018-12-19T21:12:00.115Z] <<< HTTP RESPONSE 200
[debug] [2018-12-19T21:12:00.116Z] >>> HTTP REQUEST GET https://mobilesdk-pa.googleapis.com/v1/projects/357698160052:getServerAppConfig  
 
[debug] [2018-12-19T21:12:00.588Z] <<< HTTP RESPONSE 200
[debug] [2018-12-19T21:12:00.589Z] >>> HTTP REQUEST POST https://firebasehosting.googleapis.com/v1beta1/sites/wheres-the-thing/versions  

[debug] [2018-12-19T21:12:02.087Z] <<< HTTP RESPONSE 200
[info] i  storage: uploading rules storage.rules...
[debug] [2018-12-19T21:12:02.088Z] >>> HTTP REQUEST POST https://firebaserules.googleapis.com/v1/projects/wheres-the-thing/rulesets  

[debug] [2018-12-19T21:12:02.739Z] <<< HTTP RESPONSE 200
[debug] [2018-12-19T21:12:02.739Z] [rules] created ruleset projects/wheres-the-thing/rulesets/6885a4fc-4ee6-4175-b8e4-150a1bb98ad5
[info] i  firestore: uploading rules firestore.rules...
[debug] [2018-12-19T21:12:02.740Z] >>> HTTP REQUEST POST https://firebaserules.googleapis.com/v1/projects/wheres-the-thing/rulesets  

[debug] [2018-12-19T21:12:02.740Z] >>> HTTP REQUEST GET https://firestore.googleapis.com/v1beta1/projects/wheres-the-thing/databases/(default)/indexes  
 
[debug] [2018-12-19T21:12:03.265Z] <<< HTTP RESPONSE 200
[debug] [2018-12-19T21:12:03.274Z] <<< HTTP RESPONSE 200
[debug] [2018-12-19T21:12:03.274Z] [rules] created ruleset projects/wheres-the-thing/rulesets/fb263deb-2fe7-49b4-8b37-b44cd2804813
[info] i  functions: preparing functions directory for uploading...
[debug] [2018-12-19T21:12:03.275Z] >>> HTTP REQUEST GET https://runtimeconfig.googleapis.com/v1beta1/projects/wheres-the-thing/configs  
 
[debug] [2018-12-19T21:12:04.094Z] <<< HTTP RESPONSE 200
[info] i  functions: packaged functions (79.13 KB) for uploading
[debug] [2018-12-19T21:12:04.361Z] >>> HTTP REQUEST POST https://cloudfunctions.googleapis.com/v1/projects/wheres-the-thing/locations/us-central1/functions:generateUploadUrl  
 
[debug] [2018-12-19T21:12:04.944Z] <<< HTTP RESPONSE 200
[debug] [2018-12-19T21:12:04.945Z] >>> HTTP REQUEST PUT https://storage.googleapis.com/gcf-upload-us-central1-6bb2db00-6b8d-4b16-9ebd-ed9ebabeb8f5/50355a2f-6675-40eb-a715-43188c483841.zip?GoogleAccessId=service-357698160052@gcf-admin-robot.iam.gserviceaccount.com&Expires=1545255724&Signature=fIlEQxwg98D9iL%2B9rxAHtjL3KO%2FurwQLOJcSMsEIQ0sdmxS0lfoqgzQti8N5SjqCub34XnDTCKT43cQpc0njO3adnZFidla283y47mQMfFIvhs4TKkIgLJYxVl%2FcE%2Fxs3QcGHgpGQrWWFzwufNzLarAA%2BHNqFn0Ebt3fRWaJCQe2LsAJCelEm2DbB%2ByhFSkQi0vne5CGdcscfBblcrKhxnrmWcLAtI1CrfEjo%2F04YZh03r7UCsEbXoDnWDKD%2B%2FgS022A3NBdk2DFo1FLeMWI%2BIcqzQCKIKp%2Fx8WjERpVtro9Y%2FTkD46c2oTFawz318mePJeblLDWXmJslyskqd3hWw%3D%3D  

[debug] [2018-12-19T21:12:05.415Z] <<< HTTP RESPONSE 200
[info] ✔  functions: functions folder uploaded successfully
[info] i  hosting[wheres-the-thing]: beginning deploy...
[info] i  hosting[wheres-the-thing]: found 5 files in dist
[debug] [2018-12-19T21:12:05.423Z] [hosting] hash cache [ZGlzdA] load error: lines is not defined
[debug] [2018-12-19T21:12:05.774Z] [hosting] hash cache [ZGlzdA] stored for 5 files
[debug] [2018-12-19T21:12:05.774Z] [hosting][hash queue][FINAL]
[debug] [2018-12-19T21:12:05.774Z] >>> HTTP REQUEST POST https://firebasehosting.googleapis.com/v1beta1/sites/wheres-the-thing/versions/e5585e52e2c28998:populateFiles  
 <request body omitted>
[debug] [2018-12-19T21:12:06.424Z] <<< HTTP RESPONSE 200
[debug] [2018-12-19T21:12:06.424Z] [hosting][populate queue][FINAL]
[debug] [2018-12-19T21:12:06.424Z] [hosting] uploads queued: 0
[debug] [2018-12-19T21:12:06.425Z] [hosting][upload queue][FINAL]
[info] ✔  hosting[wheres-the-thing]: file upload complete
[debug] [2018-12-19T21:12:06.425Z] [hosting] deploy completed after 1008ms
[debug] [2018-12-19T21:12:06.566Z] [rules] releasing firebase.storage/wheres-the-thing.appspot.com with ruleset projects/wheres-the-thing/rulesets/6885a4fc-4ee6-4175-b8e4-150a1bb98ad5
[debug] [2018-12-19T21:12:06.566Z] >>> HTTP REQUEST PATCH https://firebaserules.googleapis.com/v1/projects/wheres-the-thing/releases/firebase.storage/wheres-the-thing.appspot.com  

[debug] [2018-12-19T21:12:07.037Z] <<< HTTP RESPONSE 200
[debug] [2018-12-19T21:12:07.037Z] [rules] updated release projects/wheres-the-thing/releases/firebase.storage/wheres-the-thing.appspot.com
[info] ✔  storage: released rules storage.rules to firebase.storage/wheres-the-thing.appspot.com
[debug] [2018-12-19T21:12:07.038Z] [rules] releasing cloud.firestore with ruleset projects/wheres-the-thing/rulesets/fb263deb-2fe7-49b4-8b37-b44cd2804813
[debug] [2018-12-19T21:12:07.038Z] >>> HTTP REQUEST PATCH https://firebaserules.googleapis.com/v1/projects/wheres-the-thing/releases/cloud.firestore  

[debug] [2018-12-19T21:12:07.548Z] <<< HTTP RESPONSE 200
[debug] [2018-12-19T21:12:07.548Z] [rules] updated release projects/wheres-the-thing/releases/cloud.firestore
[info] ✔  firestore: released rules firestore.rules to cloud.firestore
[debug] [2018-12-19T21:12:07.549Z] >>> HTTP REQUEST GET https://cloudfunctions.googleapis.com/v1/projects/wheres-the-thing/locations/-/functions  
 
[debug] [2018-12-19T21:12:08.168Z] <<< HTTP RESPONSE 200
[info] i  functions: updating Node.js 6 function findCities(us-central1)...
[debug] [2018-12-19T21:12:08.171Z] Trigger is:  {"httpsTrigger":{}}
[debug] [2018-12-19T21:12:08.172Z] >>> HTTP REQUEST PATCH https://cloudfunctions.googleapis.com/v1/projects/wheres-the-thing/locations/us-central1/functions/findCities {"updateMask":"sourceUploadUrl,name,labels,httpsTrigger"} 

[debug] [2018-12-19T21:12:08.744Z] <<< HTTP RESPONSE 200
[debug] [2018-12-19T21:12:08.745Z] >>> HTTP REQUEST GET https://cloudfunctions.googleapis.com/v1/projects/wheres-the-thing/locations/-/functions  
 
[debug] [2018-12-19T21:12:09.331Z] <<< HTTP RESPONSE 200
[debug] [2018-12-19T21:12:09.333Z] >>> HTTP REQUEST GET https://cloudfunctions.googleapis.com/v1/operations/d2hlcmVzLXRoZS10aGluZy91cy1jZW50cmFsMS9maW5kQ2l0aWVzLzA2azFvdy1NS3Qw  
 
[debug] [2018-12-19T21:12:09.759Z] <<< HTTP RESPONSE 200
[debug] [2018-12-19T21:12:11.763Z] >>> HTTP REQUEST GET https://cloudfunctions.googleapis.com/v1/operations/d2hlcmVzLXRoZS10aGluZy91cy1jZW50cmFsMS9maW5kQ2l0aWVzLzA2azFvdy1NS3Qw  
 
[debug] [2018-12-19T21:12:12.260Z] <<< HTTP RESPONSE 200
[debug] [2018-12-19T21:12:14.262Z] >>> HTTP REQUEST GET https://cloudfunctions.googleapis.com/v1/operations/d2hlcmVzLXRoZS10aGluZy91cy1jZW50cmFsMS9maW5kQ2l0aWVzLzA2azFvdy1NS3Qw  
 
[debug] [2018-12-19T21:12:14.686Z] <<< HTTP RESPONSE 200
[debug] [2018-12-19T21:12:16.690Z] >>> HTTP REQUEST GET https://cloudfunctions.googleapis.com/v1/operations/d2hlcmVzLXRoZS10aGluZy91cy1jZW50cmFsMS9maW5kQ2l0aWVzLzA2azFvdy1NS3Qw  
 
[debug] [2018-12-19T21:12:17.176Z] <<< HTTP RESPONSE 200
[debug] [2018-12-19T21:12:19.182Z] >>> HTTP REQUEST GET https://cloudfunctions.googleapis.com/v1/operations/d2hlcmVzLXRoZS10aGluZy91cy1jZW50cmFsMS9maW5kQ2l0aWVzLzA2azFvdy1NS3Qw  
 
[debug] [2018-12-19T21:12:19.357Z] <<< HTTP RESPONSE 200
[debug] [2018-12-19T21:12:21.357Z] >>> HTTP REQUEST GET https://cloudfunctions.googleapis.com/v1/operations/d2hlcmVzLXRoZS10aGluZy91cy1jZW50cmFsMS9maW5kQ2l0aWVzLzA2azFvdy1NS3Qw  
 
[debug] [2018-12-19T21:12:21.783Z] <<< HTTP RESPONSE 200
[debug] [2018-12-19T21:12:23.789Z] >>> HTTP REQUEST GET https://cloudfunctions.googleapis.com/v1/operations/d2hlcmVzLXRoZS10aGluZy91cy1jZW50cmFsMS9maW5kQ2l0aWVzLzA2azFvdy1NS3Qw  
 
[debug] [2018-12-19T21:12:24.241Z] <<< HTTP RESPONSE 200
[debug] [2018-12-19T21:12:26.242Z] >>> HTTP REQUEST GET https://cloudfunctions.googleapis.com/v1/operations/d2hlcmVzLXRoZS10aGluZy91cy1jZW50cmFsMS9maW5kQ2l0aWVzLzA2azFvdy1NS3Qw  
 
[debug] [2018-12-19T21:12:26.657Z] <<< HTTP RESPONSE 200
[debug] [2018-12-19T21:12:28.661Z] >>> HTTP REQUEST GET https://cloudfunctions.googleapis.com/v1/operations/d2hlcmVzLXRoZS10aGluZy91cy1jZW50cmFsMS9maW5kQ2l0aWVzLzA2azFvdy1NS3Qw  
 
[debug] [2018-12-19T21:12:29.262Z] <<< HTTP RESPONSE 200
[debug] [2018-12-19T21:12:31.263Z] >>> HTTP REQUEST GET https://cloudfunctions.googleapis.com/v1/operations/d2hlcmVzLXRoZS10aGluZy91cy1jZW50cmFsMS9maW5kQ2l0aWVzLzA2azFvdy1NS3Qw  
 
[debug] [2018-12-19T21:12:31.681Z] <<< HTTP RESPONSE 200
[debug] [2018-12-19T21:12:33.682Z] >>> HTTP REQUEST GET https://cloudfunctions.googleapis.com/v1/operations/d2hlcmVzLXRoZS10aGluZy91cy1jZW50cmFsMS9maW5kQ2l0aWVzLzA2azFvdy1NS3Qw  
 
[debug] [2018-12-19T21:12:34.173Z] <<< HTTP RESPONSE 200
[debug] [2018-12-19T21:12:36.174Z] >>> HTTP REQUEST GET https://cloudfunctions.googleapis.com/v1/operations/d2hlcmVzLXRoZS10aGluZy91cy1jZW50cmFsMS9maW5kQ2l0aWVzLzA2azFvdy1NS3Qw  
 
[debug] [2018-12-19T21:12:36.577Z] <<< HTTP RESPONSE 200
[debug] [2018-12-19T21:12:38.577Z] >>> HTTP REQUEST GET https://cloudfunctions.googleapis.com/v1/operations/d2hlcmVzLXRoZS10aGluZy91cy1jZW50cmFsMS9maW5kQ2l0aWVzLzA2azFvdy1NS3Qw  
 
[debug] [2018-12-19T21:12:39.089Z] <<< HTTP RESPONSE 200
[debug] [2018-12-19T21:12:41.094Z] >>> HTTP REQUEST GET https://cloudfunctions.googleapis.com/v1/operations/d2hlcmVzLXRoZS10aGluZy91cy1jZW50cmFsMS9maW5kQ2l0aWVzLzA2azFvdy1NS3Qw  
 
[debug] [2018-12-19T21:12:41.649Z] <<< HTTP RESPONSE 200
[debug] [2018-12-19T21:12:43.650Z] >>> HTTP REQUEST GET https://cloudfunctions.googleapis.com/v1/operations/d2hlcmVzLXRoZS10aGluZy91cy1jZW50cmFsMS9maW5kQ2l0aWVzLzA2azFvdy1NS3Qw  
 
[debug] [2018-12-19T21:12:44.065Z] <<< HTTP RESPONSE 200
[debug] [2018-12-19T21:12:46.068Z] >>> HTTP REQUEST GET https://cloudfunctions.googleapis.com/v1/operations/d2hlcmVzLXRoZS10aGluZy91cy1jZW50cmFsMS9maW5kQ2l0aWVzLzA2azFvdy1NS3Qw  
 
[debug] [2018-12-19T21:12:46.563Z] <<< HTTP RESPONSE 200
[debug] [2018-12-19T21:12:48.567Z] >>> HTTP REQUEST GET https://cloudfunctions.googleapis.com/v1/operations/d2hlcmVzLXRoZS10aGluZy91cy1jZW50cmFsMS9maW5kQ2l0aWVzLzA2azFvdy1NS3Qw  
 
[debug] [2018-12-19T21:12:49.021Z] <<< HTTP RESPONSE 200
[debug] [2018-12-19T21:12:51.023Z] >>> HTTP REQUEST GET https://cloudfunctions.googleapis.com/v1/operations/d2hlcmVzLXRoZS10aGluZy91cy1jZW50cmFsMS9maW5kQ2l0aWVzLzA2azFvdy1NS3Qw  
 
[debug] [2018-12-19T21:12:51.477Z] <<< HTTP RESPONSE 200
[debug] [2018-12-19T21:12:53.483Z] >>> HTTP REQUEST GET https://cloudfunctions.googleapis.com/v1/operations/d2hlcmVzLXRoZS10aGluZy91cy1jZW50cmFsMS9maW5kQ2l0aWVzLzA2azFvdy1NS3Qw  
 
[debug] [2018-12-19T21:12:53.936Z] <<< HTTP RESPONSE 200
[debug] [2018-12-19T21:12:55.938Z] >>> HTTP REQUEST GET https://cloudfunctions.googleapis.com/v1/operations/d2hlcmVzLXRoZS10aGluZy91cy1jZW50cmFsMS9maW5kQ2l0aWVzLzA2azFvdy1NS3Qw  
 
[debug] [2018-12-19T21:12:56.428Z] <<< HTTP RESPONSE 200
